<?xml version="1.0" encoding="UTF-8"?>
<!-- Generated by org.testng.reporters.JUnitReportReporter -->
<testsuite hostname="IMVEEZAYY" failures="0" tests="1" name="NG.YIPLtest" time="7.845" errors="0" timestamp="2023-02-22T12:17:00 NPT" skipped="0">
  <testcase classname="NG.YIPLtest" name="BasicAuth" time="7.845"/>
  <system-out/>
</testsuite> <!-- NG.YIPLtest -->
