<?xml version="1.0" encoding="UTF-8"?>
<!-- Generated by org.testng.reporters.JUnitReportReporter -->
<testsuite hostname="IMVEEZAYY" failures="0" tests="2" name="seleniumBonusQuestion.YoungInnovationSeleniumBonusTask" time="24.383" errors="0" timestamp="2023-02-27T18:31:16 NPT" skipped="0">
  <testcase classname="seleniumBonusQuestion.YoungInnovationSeleniumBonusTask" name="LoginBasicAuth" time="13.138"/>
  <system-out/>
  <testcase classname="seleniumBonusQuestion.YoungInnovationSeleniumBonusTask" name="ValidateCheckBoxes" time="11.245"/>
  <system-out/>
</testsuite> <!-- seleniumBonusQuestion.YoungInnovationSeleniumBonusTask -->
