<?xml version="1.0" encoding="UTF-8"?>
<!-- Generated by org.testng.reporters.JUnitReportReporter -->
<testsuite hostname="IMVEEZAYY" failures="0" tests="1" name="herokuapp.HerokuappWebAutomation" time="16.001" errors="0" timestamp="2023-03-03T17:39:26 NPT" skipped="0">
  <testcase classname="herokuapp.HerokuappWebAutomation" name="AddRemoveElements" time="16.001"/>
  <system-out/>
</testsuite> <!-- herokuapp.HerokuappWebAutomation -->
