<?xml version="1.0" encoding="UTF-8"?>
<!-- Generated by org.testng.reporters.JUnitReportReporter -->
<testsuite hostname="IMVEEZAYY" failures="0" tests="2" name="NG.YoungInnovationSelenium" time="22.065" errors="0" timestamp="2023-02-23T13:58:08 NPT" skipped="0">
  <testcase classname="NG.YoungInnovationSelenium" name="LoginBasicAuth" time="11.724"/>
  <system-out/>
  <testcase classname="NG.YoungInnovationSelenium" name="ValidateCheckBoxes" time="10.341"/>
  <system-out/>
</testsuite> <!-- NG.YoungInnovationSelenium -->
