<?xml version="1.0" encoding="UTF-8"?>
<!-- Generated by org.testng.reporters.JUnitReportReporter -->
<testsuite hostname="IMVEEZAYY" failures="0" tests="1" name="NG.GoogleSearchTest" time="5.399" errors="0" timestamp="2023-02-21T19:48:43 NPT" skipped="0">
  <testcase classname="NG.GoogleSearchTest" name="testSearchForApple" time="5.399"/>
  <system-out/>
</testsuite> <!-- NG.GoogleSearchTest -->
