<?xml version="1.0" encoding="UTF-8"?>
<!-- Generated by org.testng.reporters.JUnitReportReporter -->
<testsuite hostname="IMVEEZAYY" failures="0" tests="2" name="NG.YIPLautomationBonus" time="24.882" errors="0" timestamp="2023-02-23T13:26:37 NPT" skipped="0">
  <testcase classname="NG.YIPLautomationBonus" name="LoginBasicAuth" time="9.322"/>
  <system-out/>
  <testcase classname="NG.YIPLautomationBonus" name="ValidateCheckBoxes" time="15.560"/>
  <system-out/>
</testsuite> <!-- NG.YIPLautomationBonus -->
